<?xml version="1.0" encoding="UTF-8"?>
<!-- Generated by org.testng.reporters.JUnitReportReporter -->
<testsuite hostname="MSI" failures="0" tests="2" name="test.demo" time="0.002" errors="0" timestamp="2024-08-31T12:34:40 IST" skipped="0">
  <testcase classname="test.demo" name="PersonalPara" time="0.001"/>
  <system-out/>
  <testcase classname="test.demo" name="Meth2" time="0.001"/>
  <system-out/>
</testsuite> <!-- test.demo -->
