<?xml version="1.0" encoding="UTF-8"?>
<!-- Generated by org.testng.reporters.JUnitReportReporter -->
<testsuite hostname="MSI" failures="0" tests="6" name="test.Day3" time="0.019" errors="0" timestamp="2024-08-31T12:34:40 IST" skipped="1">
  <testcase classname="test.Day3" name="MobileSignOUT_CarLoan" time="0.005"/>
  <system-out/>
  <testcase classname="test.Day3" name="MobileSignOUT_CarLoan" time="0.006"/>
  <system-out/>
  <testcase classname="test.Day3" name="MobileSignOUT_CarLoan" time="0.004"/>
  <system-out/>
  <testcase classname="test.Day3" name="WebLogin_CarLoan" time="0.002"/>
  <system-out/>
  <testcase classname="test.Day3" name="Modification_CarLoan" time="0.002"/>
  <system-out/>
  <testcase classname="test.Day3" name="APILogin_CarLoan">
    <skipped/>
  </testcase> <!-- APILogin_CarLoan -->
  <system-out/>
</testsuite> <!-- test.Day3 -->
