<?xml version="1.0" encoding="UTF-8"?>
<!-- Generated by org.testng.reporters.JUnitReportReporter -->
<testsuite hostname="MSI" failures="0" tests="3" name="test.Day4" time="0.006" errors="0" timestamp="2024-08-31T12:34:40 IST" skipped="0">
  <testcase classname="test.Day4" name="MobileLogin_HomeLoan" time="0.004"/>
  <system-out/>
  <testcase classname="test.Day4" name="WebLogin_HomeLoan" time="0.001"/>
  <system-out/>
  <testcase classname="test.Day4" name="APILogin_HomeLoan" time="0.001"/>
  <system-out/>
</testsuite> <!-- test.Day4 -->
